<?xml version="1.0" encoding="UTF-8"?>
<!-- Generated by org.testng.reporters.JUnitXMLReporter -->
<testsuite ignored="1" hostname="DESKTOP-5BKKI8L" failures="0" tests="1" name="Default test" time="11.506" errors="0" timestamp="2024-04-30T12:35:56 IST">
  <testcase classname="com.allianz.test.LoginUITest" name="titleTest" time="7.154"/>
  <testcase classname="com.allianz.test.LoginUITest" name="applicationDescriptionTest" time="0.0">
    <ignored/>
  </testcase> <!-- applicationDescriptionTest -->
</testsuite> <!-- Default test -->
