<?xml version="1.0" encoding="UTF-8"?>
<testng-results ignored="0" total="1" passed="1" failed="0" skipped="0">
  <reporter-output>
  </reporter-output>
  <suite started-at="2024-04-18T11:41:48 IST" name="Default suite" finished-at="2024-04-18T11:42:08 IST" duration-ms="19992">
    <groups>
    </groups>
    <test started-at="2024-04-18T11:41:48 IST" name="Default test" finished-at="2024-04-18T11:42:08 IST" duration-ms="19992">
      <class name="com.allianz.test.AddEmployeeTest">
        <test-method is-config="true" signature="setup()[pri:0, instance:com.allianz.test.AddEmployeeTest@4b0d79fc]" started-at="2024-04-18T11:41:48 IST" name="setup" finished-at="2024-04-18T11:42:02 IST" duration-ms="13568" status="PASS">
          <reporter-output>
          </reporter-output>
        </test-method> <!-- setup -->
        <test-method signature="validLoginTest()[pri:0, instance:com.allianz.test.AddEmployeeTest@4b0d79fc]" started-at="2024-04-18T11:42:02 IST" name="validLoginTest" finished-at="2024-04-18T11:42:08 IST" duration-ms="6363" status="PASS">
          <reporter-output>
          </reporter-output>
        </test-method> <!-- validLoginTest -->
        <test-method is-config="true" signature="teardown()[pri:0, instance:com.allianz.test.AddEmployeeTest@4b0d79fc]" started-at="2024-04-18T11:42:08 IST" name="teardown" finished-at="2024-04-18T11:42:08 IST" duration-ms="1" status="PASS">
          <reporter-output>
          </reporter-output>
        </test-method> <!-- teardown -->
      </class> <!-- com.allianz.test.AddEmployeeTest -->
    </test> <!-- Default test -->
  </suite> <!-- Default suite -->
</testng-results>
