<?xml version="1.0" encoding="UTF-8"?>
<testng-results ignored="0" total="3" passed="3" failed="0" skipped="0">
  <reporter-output>
  </reporter-output>
  <suite started-at="2024-04-16T12:02:34 IST" name="Default suite" finished-at="2024-04-16T12:02:34 IST" duration-ms="165">
    <groups>
    </groups>
    <test started-at="2024-04-16T12:02:34 IST" name="Default test" finished-at="2024-04-16T12:02:34 IST" duration-ms="165">
      <class name="com.allianz.test.ZDemoTest">
        <test-method signature="validTest(java.lang.String,java.lang.String)[pri:0, instance:com.allianz.test.ZDemoTest@4efac082]" started-at="2024-04-16T12:02:34 IST" name="validTest" data-provider="validData" finished-at="2024-04-16T12:02:34 IST" duration-ms="16" status="PASS">
          <params>
            <param index="0">
              <value>
                <![CDATA[saul]]>
              </value>
            </param>
            <param index="1">
              <value>
                <![CDATA[saul123]]>
              </value>
            </param>
          </params>
          <reporter-output>
          </reporter-output>
        </test-method> <!-- validTest -->
        <test-method signature="validTest(java.lang.String,java.lang.String)[pri:0, instance:com.allianz.test.ZDemoTest@4efac082]" started-at="2024-04-16T12:02:34 IST" name="validTest" data-provider="validData" finished-at="2024-04-16T12:02:34 IST" duration-ms="4" status="PASS">
          <params>
            <param index="0">
              <value>
                <![CDATA[peter]]>
              </value>
            </param>
            <param index="1">
              <value>
                <![CDATA[peter123]]>
              </value>
            </param>
          </params>
          <reporter-output>
          </reporter-output>
        </test-method> <!-- validTest -->
        <test-method signature="validTest(java.lang.String,java.lang.String)[pri:0, instance:com.allianz.test.ZDemoTest@4efac082]" started-at="2024-04-16T12:02:34 IST" name="validTest" data-provider="validData" finished-at="2024-04-16T12:02:34 IST" duration-ms="4" status="PASS">
          <params>
            <param index="0">
              <value>
                <![CDATA[kim]]>
              </value>
            </param>
            <param index="1">
              <value>
                <![CDATA[kim123]]>
              </value>
            </param>
          </params>
          <reporter-output>
          </reporter-output>
        </test-method> <!-- validTest -->
      </class> <!-- com.allianz.test.ZDemoTest -->
    </test> <!-- Default test -->
  </suite> <!-- Default suite -->
</testng-results>
